Analysis & Synthesis report for LAB_2
Fri Oct 09 16:31:12 2020
Quartus II 64-Bit Version 13.0.1 Build 232 06/12/2013 Service Pack 1 SJ Full Version


---------------------
; Table of Contents ;
---------------------
  1. Legal Notice
  2. Analysis & Synthesis Summary
  3. Analysis & Synthesis Settings
  4. Parallel Compilation
  5. Analysis & Synthesis Source Files Read
  6. Analysis & Synthesis Resource Usage Summary
  7. Analysis & Synthesis Resource Utilization by Entity
  8. Analysis & Synthesis RAM Summary
  9. Analysis & Synthesis IP Cores Summary
 10. Registers Removed During Synthesis
 11. General Register Statistics
 12. Inverted Register Statistics
 13. Source assignments for RAM:inst|altsyncram:altsyncram_component|altsyncram_odi1:auto_generated
 14. Source assignments for CROM:inst1|altsyncram:altsyncram_component|altsyncram_kp91:auto_generated
 15. Parameter Settings for User Entity Instance: RAM:inst|altsyncram:altsyncram_component
 16. Parameter Settings for User Entity Instance: CROM:inst1|altsyncram:altsyncram_component
 17. Parameter Settings for User Entity Instance: uPC:iinst233|74161:inst1
 18. Parameter Settings for User Entity Instance: uPC:iinst233|74161:inst
 19. Parameter Settings for User Entity Instance: PC:inst5|74161:inst1
 20. Parameter Settings for User Entity Instance: PC:inst5|74161:inst
 21. altsyncram Parameter Settings by Entity Instance
 22. Elapsed Time Per Partition
 23. Analysis & Synthesis Messages



----------------
; Legal Notice ;
----------------
Copyright (C) 1991-2013 Altera Corporation
Your use of Altera Corporation's design tools, logic functions 
and other software and tools, and its AMPP partner logic 
functions, and any output files from any of the foregoing 
(including device programming or simulation files), and any 
associated documentation or information are expressly subject 
to the terms and conditions of the Altera Program License 
Subscription Agreement, Altera MegaCore Function License 
Agreement, or other applicable license agreement, including, 
without limitation, that your use is for the sole purpose of 
programming logic devices manufactured by Altera and sold by 
Altera or its authorized distributors.  Please refer to the 
applicable agreement for further details.



+---------------------------------------------------------------------------------------+
; Analysis & Synthesis Summary                                                          ;
+------------------------------------+--------------------------------------------------+
; Analysis & Synthesis Status        ; Successful - Fri Oct 09 16:31:12 2020            ;
; Quartus II 64-Bit Version          ; 13.0.1 Build 232 06/12/2013 SP 1 SJ Full Version ;
; Revision Name                      ; LAB_2                                            ;
; Top-level Entity Name              ; Lab_2                                            ;
; Family                             ; Cyclone IV E                                     ;
; Total logic elements               ; 57                                               ;
;     Total combinational functions  ; 33                                               ;
;     Dedicated logic registers      ; 42                                               ;
; Total registers                    ; 42                                               ;
; Total pins                         ; 13                                               ;
; Total virtual pins                 ; 0                                                ;
; Total memory bits                  ; 3,584                                            ;
; Embedded Multiplier 9-bit elements ; 0                                                ;
; Total PLLs                         ; 0                                                ;
+------------------------------------+--------------------------------------------------+


+----------------------------------------------------------------------------------------------------------------------+
; Analysis & Synthesis Settings                                                                                        ;
+----------------------------------------------------------------------------+--------------------+--------------------+
; Option                                                                     ; Setting            ; Default Value      ;
+----------------------------------------------------------------------------+--------------------+--------------------+
; Device                                                                     ; EP4CE10E22C8       ;                    ;
; Top-level entity name                                                      ; Lab_2              ; LAB_2              ;
; Family name                                                                ; Cyclone IV E       ; Cyclone IV GX      ;
; Use smart compilation                                                      ; Off                ; Off                ;
; Enable parallel Assembler and TimeQuest Timing Analyzer during compilation ; On                 ; On                 ;
; Enable compact report table                                                ; Off                ; Off                ;
; Restructure Multiplexers                                                   ; Auto               ; Auto               ;
; Create Debugging Nodes for IP Cores                                        ; Off                ; Off                ;
; Preserve fewer node names                                                  ; On                 ; On                 ;
; Disable OpenCore Plus hardware evaluation                                  ; Off                ; Off                ;
; Verilog Version                                                            ; Verilog_2001       ; Verilog_2001       ;
; VHDL Version                                                               ; VHDL_1993          ; VHDL_1993          ;
; State Machine Processing                                                   ; Auto               ; Auto               ;
; Safe State Machine                                                         ; Off                ; Off                ;
; Extract Verilog State Machines                                             ; On                 ; On                 ;
; Extract VHDL State Machines                                                ; On                 ; On                 ;
; Ignore Verilog initial constructs                                          ; Off                ; Off                ;
; Iteration limit for constant Verilog loops                                 ; 5000               ; 5000               ;
; Iteration limit for non-constant Verilog loops                             ; 250                ; 250                ;
; Add Pass-Through Logic to Inferred RAMs                                    ; On                 ; On                 ;
; Infer RAMs from Raw Logic                                                  ; On                 ; On                 ;
; Parallel Synthesis                                                         ; On                 ; On                 ;
; DSP Block Balancing                                                        ; Auto               ; Auto               ;
; NOT Gate Push-Back                                                         ; On                 ; On                 ;
; Power-Up Don't Care                                                        ; On                 ; On                 ;
; Remove Redundant Logic Cells                                               ; Off                ; Off                ;
; Remove Duplicate Registers                                                 ; On                 ; On                 ;
; Ignore CARRY Buffers                                                       ; Off                ; Off                ;
; Ignore CASCADE Buffers                                                     ; Off                ; Off                ;
; Ignore GLOBAL Buffers                                                      ; Off                ; Off                ;
; Ignore ROW GLOBAL Buffers                                                  ; Off                ; Off                ;
; Ignore LCELL Buffers                                                       ; Off                ; Off                ;
; Ignore SOFT Buffers                                                        ; On                 ; On                 ;
; Limit AHDL Integers to 32 Bits                                             ; Off                ; Off                ;
; Optimization Technique                                                     ; Balanced           ; Balanced           ;
; Carry Chain Length                                                         ; 70                 ; 70                 ;
; Auto Carry Chains                                                          ; On                 ; On                 ;
; Auto Open-Drain Pins                                                       ; On                 ; On                 ;
; Perform WYSIWYG Primitive Resynthesis                                      ; Off                ; Off                ;
; Auto ROM Replacement                                                       ; On                 ; On                 ;
; Auto RAM Replacement                                                       ; On                 ; On                 ;
; Auto DSP Block Replacement                                                 ; On                 ; On                 ;
; Auto Shift Register Replacement                                            ; Auto               ; Auto               ;
; Allow Shift Register Merging across Hierarchies                            ; Auto               ; Auto               ;
; Auto Clock Enable Replacement                                              ; On                 ; On                 ;
; Strict RAM Replacement                                                     ; Off                ; Off                ;
; Allow Synchronous Control Signals                                          ; On                 ; On                 ;
; Force Use of Synchronous Clear Signals                                     ; Off                ; Off                ;
; Auto RAM Block Balancing                                                   ; On                 ; On                 ;
; Auto RAM to Logic Cell Conversion                                          ; Off                ; Off                ;
; Auto Resource Sharing                                                      ; Off                ; Off                ;
; Allow Any RAM Size For Recognition                                         ; Off                ; Off                ;
; Allow Any ROM Size For Recognition                                         ; Off                ; Off                ;
; Allow Any Shift Register Size For Recognition                              ; Off                ; Off                ;
; Use LogicLock Constraints during Resource Balancing                        ; On                 ; On                 ;
; Ignore translate_off and synthesis_off directives                          ; Off                ; Off                ;
; Timing-Driven Synthesis                                                    ; On                 ; On                 ;
; Report Parameter Settings                                                  ; On                 ; On                 ;
; Report Source Assignments                                                  ; On                 ; On                 ;
; Report Connectivity Checks                                                 ; On                 ; On                 ;
; Ignore Maximum Fan-Out Assignments                                         ; Off                ; Off                ;
; Synchronization Register Chain Length                                      ; 2                  ; 2                  ;
; PowerPlay Power Optimization                                               ; Normal compilation ; Normal compilation ;
; HDL message level                                                          ; Level2             ; Level2             ;
; Suppress Register Optimization Related Messages                            ; Off                ; Off                ;
; Number of Removed Registers Reported in Synthesis Report                   ; 5000               ; 5000               ;
; Number of Swept Nodes Reported in Synthesis Report                         ; 5000               ; 5000               ;
; Number of Inverted Registers Reported in Synthesis Report                  ; 100                ; 100                ;
; Clock MUX Protection                                                       ; On                 ; On                 ;
; Auto Gated Clock Conversion                                                ; Off                ; Off                ;
; Block Design Naming                                                        ; Auto               ; Auto               ;
; SDC constraint protection                                                  ; Off                ; Off                ;
; Synthesis Effort                                                           ; Auto               ; Auto               ;
; Shift Register Replacement - Allow Asynchronous Clear Signal               ; On                 ; On                 ;
; Pre-Mapping Resynthesis Optimization                                       ; Off                ; Off                ;
; Analysis & Synthesis Message Level                                         ; Medium             ; Medium             ;
; Disable Register Merging Across Hierarchies                                ; Auto               ; Auto               ;
; Resource Aware Inference For Block RAM                                     ; On                 ; On                 ;
; Synthesis Seed                                                             ; 1                  ; 1                  ;
+----------------------------------------------------------------------------+--------------------+--------------------+


+------------------------------------------+
; Parallel Compilation                     ;
+----------------------------+-------------+
; Processors                 ; Number      ;
+----------------------------+-------------+
; Number detected on machine ; 8           ;
; Maximum allowed            ; 4           ;
;                            ;             ;
; Average used               ; 1.00        ;
; Maximum used               ; 2           ;
;                            ;             ;
; Usage by Processor         ; % Time Used ;
;     Processor 1            ; 100.0%      ;
;     Processor 2            ; < 0.1%      ;
;     Processors 3-8         ;   0.0%      ;
+----------------------------+-------------+


+-----------------------------------------------------------------------------------------------------------------------------------------------------------------------+
; Analysis & Synthesis Source Files Read                                                                                                                                ;
+----------------------------------+-----------------+------------------------------------+-------------------------------------------------------------------+---------+
; File Name with User-Entered Path ; Used in Netlist ; File Type                          ; File Name with Absolute Path                                      ; Library ;
+----------------------------------+-----------------+------------------------------------+-------------------------------------------------------------------+---------+
; Beat_Generator.bdf               ; yes             ; User Block Diagram/Schematic File  ; D:/JiZuKeShe/Lab2/Beat_Generator.bdf                              ;         ;
; uPC.bdf                          ; yes             ; User Block Diagram/Schematic File  ; D:/JiZuKeShe/Lab2/uPC.bdf                                         ;         ;
; uIR.bdf                          ; yes             ; User Block Diagram/Schematic File  ; D:/JiZuKeShe/Lab2/uIR.bdf                                         ;         ;
; PC.bdf                           ; yes             ; User Block Diagram/Schematic File  ; D:/JiZuKeShe/Lab2/PC.bdf                                          ;         ;
; MAR.bdf                          ; yes             ; User Block Diagram/Schematic File  ; D:/JiZuKeShe/Lab2/MAR.bdf                                         ;         ;
; R.bdf                            ; yes             ; User Block Diagram/Schematic File  ; D:/JiZuKeShe/Lab2/R.bdf                                           ;         ;
; Data_Selector.bdf                ; yes             ; User Block Diagram/Schematic File  ; D:/JiZuKeShe/Lab2/Data_Selector.bdf                               ;         ;
; CROM.mif                         ; yes             ; User Memory Initialization File    ; D:/JiZuKeShe/Lab2/CROM.mif                                        ;         ;
; CROM.vhd                         ; yes             ; User Wizard-Generated File         ; D:/JiZuKeShe/Lab2/CROM.vhd                                        ;         ;
; Lab_2.bdf                        ; yes             ; User Block Diagram/Schematic File  ; D:/JiZuKeShe/Lab2/Lab_2.bdf                                       ;         ;
; RAM.vhd                          ; yes             ; User Wizard-Generated File         ; D:/JiZuKeShe/Lab2/RAM.vhd                                         ;         ;
; RAM_init.mif                     ; yes             ; User Memory Initialization File    ; D:/JiZuKeShe/Lab2/RAM_init.mif                                    ;         ;
; altsyncram.tdf                   ; yes             ; Megafunction                       ; d:/altera13/quartus/libraries/megafunctions/altsyncram.tdf        ;         ;
; stratix_ram_block.inc            ; yes             ; Megafunction                       ; d:/altera13/quartus/libraries/megafunctions/stratix_ram_block.inc ;         ;
; lpm_mux.inc                      ; yes             ; Megafunction                       ; d:/altera13/quartus/libraries/megafunctions/lpm_mux.inc           ;         ;
; lpm_decode.inc                   ; yes             ; Megafunction                       ; d:/altera13/quartus/libraries/megafunctions/lpm_decode.inc        ;         ;
; aglobal130.inc                   ; yes             ; Megafunction                       ; d:/altera13/quartus/libraries/megafunctions/aglobal130.inc        ;         ;
; a_rdenreg.inc                    ; yes             ; Megafunction                       ; d:/altera13/quartus/libraries/megafunctions/a_rdenreg.inc         ;         ;
; altrom.inc                       ; yes             ; Megafunction                       ; d:/altera13/quartus/libraries/megafunctions/altrom.inc            ;         ;
; altram.inc                       ; yes             ; Megafunction                       ; d:/altera13/quartus/libraries/megafunctions/altram.inc            ;         ;
; altdpram.inc                     ; yes             ; Megafunction                       ; d:/altera13/quartus/libraries/megafunctions/altdpram.inc          ;         ;
; db/altsyncram_odi1.tdf           ; yes             ; Auto-Generated Megafunction        ; D:/JiZuKeShe/Lab2/db/altsyncram_odi1.tdf                          ;         ;
; 74273.bdf                        ; yes             ; Megafunction                       ; d:/altera13/quartus/libraries/others/maxplus2/74273.bdf           ;         ;
; db/altsyncram_kp91.tdf           ; yes             ; Auto-Generated Megafunction        ; D:/JiZuKeShe/Lab2/db/altsyncram_kp91.tdf                          ;         ;
; 74161.tdf                        ; yes             ; Megafunction                       ; d:/altera13/quartus/libraries/others/maxplus2/74161.tdf           ;         ;
; aglobal.inc                      ; yes             ; Megafunction                       ; d:/altera13/quartus/libraries/megafunctions/aglobal.inc           ;         ;
; f74161.bdf                       ; yes             ; Megafunction                       ; d:/altera13/quartus/libraries/others/maxplus2/f74161.bdf          ;         ;
; 74374.bdf                        ; yes             ; Megafunction                       ; d:/altera13/quartus/libraries/others/maxplus2/74374.bdf           ;         ;
+----------------------------------+-----------------+------------------------------------+-------------------------------------------------------------------+---------+


+---------------------------------------------------------------------------+
; Analysis & Synthesis Resource Usage Summary                               ;
+---------------------------------------------+-----------------------------+
; Resource                                    ; Usage                       ;
+---------------------------------------------+-----------------------------+
; Estimated Total logic elements              ; 57                          ;
;                                             ;                             ;
; Total combinational functions               ; 33                          ;
; Logic element usage by number of LUT inputs ;                             ;
;     -- 4 input functions                    ; 16                          ;
;     -- 3 input functions                    ; 4                           ;
;     -- <=2 input functions                  ; 13                          ;
;                                             ;                             ;
; Logic elements by mode                      ;                             ;
;     -- normal mode                          ; 33                          ;
;     -- arithmetic mode                      ; 0                           ;
;                                             ;                             ;
; Total registers                             ; 42                          ;
;     -- Dedicated logic registers            ; 42                          ;
;     -- I/O registers                        ; 0                           ;
;                                             ;                             ;
; I/O pins                                    ; 13                          ;
; Total memory bits                           ; 3584                        ;
; Embedded Multiplier 9-bit elements          ; 0                           ;
; Maximum fan-out node                        ; Beat_Generator:inst12|inst2 ;
; Maximum fan-out                             ; 16                          ;
; Total fan-out                               ; 349                         ;
; Average fan-out                             ; 3.03                        ;
+---------------------------------------------+-----------------------------+


+---------------------------------------------------------------------------------------------------------------------------------------------------------------------------------------------------------------------------------------------------------+
; Analysis & Synthesis Resource Utilization by Entity                                                                                                                                                                                                     ;
+-------------------------------------------+-------------------+--------------+-------------+--------------+---------+-----------+------+--------------+----------------------------------------------------------------------------------+--------------+
; Compilation Hierarchy Node                ; LC Combinationals ; LC Registers ; Memory Bits ; DSP Elements ; DSP 9x9 ; DSP 18x18 ; Pins ; Virtual Pins ; Full Hierarchy Name                                                              ; Library Name ;
+-------------------------------------------+-------------------+--------------+-------------+--------------+---------+-----------+------+--------------+----------------------------------------------------------------------------------+--------------+
; |Lab_2                                    ; 33 (3)            ; 42 (0)       ; 3584        ; 0            ; 0       ; 0         ; 13   ; 0            ; |Lab_2                                                                           ; work         ;
;    |Beat_Generator:inst12|                ; 2 (2)             ; 4 (4)        ; 0           ; 0            ; 0       ; 0         ; 0    ; 0            ; |Lab_2|Beat_Generator:inst12                                                     ; work         ;
;    |CROM:inst1|                           ; 0 (0)             ; 0 (0)        ; 1536        ; 0            ; 0       ; 0         ; 0    ; 0            ; |Lab_2|CROM:inst1                                                                ; work         ;
;       |altsyncram:altsyncram_component|   ; 0 (0)             ; 0 (0)        ; 1536        ; 0            ; 0       ; 0         ; 0    ; 0            ; |Lab_2|CROM:inst1|altsyncram:altsyncram_component                                ; work         ;
;          |altsyncram_kp91:auto_generated| ; 0 (0)             ; 0 (0)        ; 1536        ; 0            ; 0       ; 0         ; 0    ; 0            ; |Lab_2|CROM:inst1|altsyncram:altsyncram_component|altsyncram_kp91:auto_generated ; work         ;
;    |Data_Selector:inst4|                  ; 8 (8)             ; 0 (0)        ; 0           ; 0            ; 0       ; 0         ; 0    ; 0            ; |Lab_2|Data_Selector:inst4                                                       ; work         ;
;    |MAR:inst6|                            ; 0 (0)             ; 8 (0)        ; 0           ; 0            ; 0       ; 0         ; 0    ; 0            ; |Lab_2|MAR:inst6                                                                 ; work         ;
;       |74273:inst1|                       ; 0 (0)             ; 8 (8)        ; 0           ; 0            ; 0       ; 0         ; 0    ; 0            ; |Lab_2|MAR:inst6|74273:inst1                                                     ; work         ;
;    |PC:inst5|                             ; 10 (0)            ; 8 (0)        ; 0           ; 0            ; 0       ; 0         ; 0    ; 0            ; |Lab_2|PC:inst5                                                                  ; work         ;
;       |74161:inst1|                       ; 4 (0)             ; 4 (0)        ; 0           ; 0            ; 0       ; 0         ; 0    ; 0            ; |Lab_2|PC:inst5|74161:inst1                                                      ; work         ;
;          |f74161:sub|                     ; 4 (4)             ; 4 (4)        ; 0           ; 0            ; 0       ; 0         ; 0    ; 0            ; |Lab_2|PC:inst5|74161:inst1|f74161:sub                                           ; work         ;
;       |74161:inst|                        ; 6 (0)             ; 4 (0)        ; 0           ; 0            ; 0       ; 0         ; 0    ; 0            ; |Lab_2|PC:inst5|74161:inst                                                       ; work         ;
;          |f74161:sub|                     ; 6 (6)             ; 4 (4)        ; 0           ; 0            ; 0       ; 0         ; 0    ; 0            ; |Lab_2|PC:inst5|74161:inst|f74161:sub                                            ; work         ;
;    |R:inst7|                              ; 0 (0)             ; 8 (0)        ; 0           ; 0            ; 0       ; 0         ; 0    ; 0            ; |Lab_2|R:inst7                                                                   ; work         ;
;       |74374:inst|                        ; 0 (0)             ; 8 (8)        ; 0           ; 0            ; 0       ; 0         ; 0    ; 0            ; |Lab_2|R:inst7|74374:inst                                                        ; work         ;
;    |RAM:inst|                             ; 0 (0)             ; 0 (0)        ; 2048        ; 0            ; 0       ; 0         ; 0    ; 0            ; |Lab_2|RAM:inst                                                                  ; work         ;
;       |altsyncram:altsyncram_component|   ; 0 (0)             ; 0 (0)        ; 2048        ; 0            ; 0       ; 0         ; 0    ; 0            ; |Lab_2|RAM:inst|altsyncram:altsyncram_component                                  ; work         ;
;          |altsyncram_odi1:auto_generated| ; 0 (0)             ; 0 (0)        ; 2048        ; 0            ; 0       ; 0         ; 0    ; 0            ; |Lab_2|RAM:inst|altsyncram:altsyncram_component|altsyncram_odi1:auto_generated   ; work         ;
;    |uIR:inst3|                            ; 0 (0)             ; 6 (0)        ; 0           ; 0            ; 0       ; 0         ; 0    ; 0            ; |Lab_2|uIR:inst3                                                                 ; work         ;
;       |74273:inst|                        ; 0 (0)             ; 6 (6)        ; 0           ; 0            ; 0       ; 0         ; 0    ; 0            ; |Lab_2|uIR:inst3|74273:inst                                                      ; work         ;
;    |uPC:iinst233|                         ; 10 (0)            ; 8 (0)        ; 0           ; 0            ; 0       ; 0         ; 0    ; 0            ; |Lab_2|uPC:iinst233                                                              ; work         ;
;       |74161:inst1|                       ; 4 (0)             ; 4 (0)        ; 0           ; 0            ; 0       ; 0         ; 0    ; 0            ; |Lab_2|uPC:iinst233|74161:inst1                                                  ; work         ;
;          |f74161:sub|                     ; 4 (4)             ; 4 (4)        ; 0           ; 0            ; 0       ; 0         ; 0    ; 0            ; |Lab_2|uPC:iinst233|74161:inst1|f74161:sub                                       ; work         ;
;       |74161:inst|                        ; 6 (0)             ; 4 (0)        ; 0           ; 0            ; 0       ; 0         ; 0    ; 0            ; |Lab_2|uPC:iinst233|74161:inst                                                   ; work         ;
;          |f74161:sub|                     ; 6 (6)             ; 4 (4)        ; 0           ; 0            ; 0       ; 0         ; 0    ; 0            ; |Lab_2|uPC:iinst233|74161:inst|f74161:sub                                        ; work         ;
+-------------------------------------------+-------------------+--------------+-------------+--------------+---------+-----------+------+--------------+----------------------------------------------------------------------------------+--------------+
Note: For table entries with two numbers listed, the numbers in parentheses indicate the number of resources of the given type used by the specific entity alone. The numbers listed outside of parentheses indicate the total resources of the given type used by the specific entity and all of its sub-entities in the hierarchy.


+---------------------------------------------------------------------------------------------------------------------------------------------------------------------------------------------+
; Analysis & Synthesis RAM Summary                                                                                                                                                            ;
+--------------------------------------------------------------------------------------+------+-------------+--------------+--------------+--------------+--------------+------+--------------+
; Name                                                                                 ; Type ; Mode        ; Port A Depth ; Port A Width ; Port B Depth ; Port B Width ; Size ; MIF          ;
+--------------------------------------------------------------------------------------+------+-------------+--------------+--------------+--------------+--------------+------+--------------+
; CROM:inst1|altsyncram:altsyncram_component|altsyncram_kp91:auto_generated|ALTSYNCRAM ; AUTO ; ROM         ; 256          ; 24           ; --           ; --           ; 6144 ; CROM.mif     ;
; RAM:inst|altsyncram:altsyncram_component|altsyncram_odi1:auto_generated|ALTSYNCRAM   ; AUTO ; Single Port ; 256          ; 8            ; --           ; --           ; 2048 ; RAM_init.mif ;
+--------------------------------------------------------------------------------------+------+-------------+--------------+--------------+--------------+--------------+------+--------------+


+----------------------------------------------------------------------------------------------------------------+
; Analysis & Synthesis IP Cores Summary                                                                          ;
+--------+--------------+---------+--------------+--------------+-------------------+----------------------------+
; Vendor ; IP Core Name ; Version ; Release Date ; License Type ; Entity Instance   ; IP Include File            ;
+--------+--------------+---------+--------------+--------------+-------------------+----------------------------+
; Altera ; RAM: 1-PORT  ; 13.0    ; N/A          ; N/A          ; |Lab_2|RAM:inst   ; D:/JiZuKeShe/Lab2/RAM.vhd  ;
; Altera ; ROM: 1-PORT  ; 13.0    ; N/A          ; N/A          ; |Lab_2|CROM:inst1 ; D:/JiZuKeShe/Lab2/CROM.vhd ;
+--------+--------------+---------+--------------+--------------+-------------------+----------------------------+


+------------------------------------------------------------+
; Registers Removed During Synthesis                         ;
+---------------------------------------+--------------------+
; Register name                         ; Reason for Removal ;
+---------------------------------------+--------------------+
; uIR:inst3|74273:inst|12               ; Lost fanout        ;
; Total Number of Removed Registers = 1 ;                    ;
+---------------------------------------+--------------------+


+------------------------------------------------------+
; General Register Statistics                          ;
+----------------------------------------------+-------+
; Statistic                                    ; Value ;
+----------------------------------------------+-------+
; Total registers                              ; 42    ;
; Number of registers using Synchronous Clear  ; 0     ;
; Number of registers using Synchronous Load   ; 0     ;
; Number of registers using Asynchronous Clear ; 0     ;
; Number of registers using Asynchronous Load  ; 0     ;
; Number of registers using Clock Enable       ; 0     ;
; Number of registers using Preset             ; 0     ;
+----------------------------------------------+-------+


+--------------------------------------------------+
; Inverted Register Statistics                     ;
+----------------------------------------+---------+
; Inverted Register                      ; Fan out ;
+----------------------------------------+---------+
; Beat_Generator:inst12|inst             ; 5       ;
; Total number of inverted registers = 1 ;         ;
+----------------------------------------+---------+


+------------------------------------------------------------------------------------------------+
; Source assignments for RAM:inst|altsyncram:altsyncram_component|altsyncram_odi1:auto_generated ;
+---------------------------------+--------------------+------+----------------------------------+
; Assignment                      ; Value              ; From ; To                               ;
+---------------------------------+--------------------+------+----------------------------------+
; OPTIMIZE_POWER_DURING_SYNTHESIS ; NORMAL_COMPILATION ; -    ; -                                ;
+---------------------------------+--------------------+------+----------------------------------+


+--------------------------------------------------------------------------------------------------+
; Source assignments for CROM:inst1|altsyncram:altsyncram_component|altsyncram_kp91:auto_generated ;
+---------------------------------+--------------------+------+------------------------------------+
; Assignment                      ; Value              ; From ; To                                 ;
+---------------------------------+--------------------+------+------------------------------------+
; OPTIMIZE_POWER_DURING_SYNTHESIS ; NORMAL_COMPILATION ; -    ; -                                  ;
+---------------------------------+--------------------+------+------------------------------------+


+---------------------------------------------------------------------------------------+
; Parameter Settings for User Entity Instance: RAM:inst|altsyncram:altsyncram_component ;
+------------------------------------+----------------------+---------------------------+
; Parameter Name                     ; Value                ; Type                      ;
+------------------------------------+----------------------+---------------------------+
; BYTE_SIZE_BLOCK                    ; 8                    ; Untyped                   ;
; AUTO_CARRY_CHAINS                  ; ON                   ; AUTO_CARRY                ;
; IGNORE_CARRY_BUFFERS               ; OFF                  ; IGNORE_CARRY              ;
; AUTO_CASCADE_CHAINS                ; ON                   ; AUTO_CASCADE              ;
; IGNORE_CASCADE_BUFFERS             ; OFF                  ; IGNORE_CASCADE            ;
; WIDTH_BYTEENA                      ; 1                    ; Untyped                   ;
; OPERATION_MODE                     ; SINGLE_PORT          ; Untyped                   ;
; WIDTH_A                            ; 8                    ; Signed Integer            ;
; WIDTHAD_A                          ; 8                    ; Signed Integer            ;
; NUMWORDS_A                         ; 256                  ; Signed Integer            ;
; OUTDATA_REG_A                      ; UNREGISTERED         ; Untyped                   ;
; ADDRESS_ACLR_A                     ; NONE                 ; Untyped                   ;
; OUTDATA_ACLR_A                     ; NONE                 ; Untyped                   ;
; WRCONTROL_ACLR_A                   ; NONE                 ; Untyped                   ;
; INDATA_ACLR_A                      ; NONE                 ; Untyped                   ;
; BYTEENA_ACLR_A                     ; NONE                 ; Untyped                   ;
; WIDTH_B                            ; 1                    ; Untyped                   ;
; WIDTHAD_B                          ; 1                    ; Untyped                   ;
; NUMWORDS_B                         ; 1                    ; Untyped                   ;
; INDATA_REG_B                       ; CLOCK1               ; Untyped                   ;
; WRCONTROL_WRADDRESS_REG_B          ; CLOCK1               ; Untyped                   ;
; RDCONTROL_REG_B                    ; CLOCK1               ; Untyped                   ;
; ADDRESS_REG_B                      ; CLOCK1               ; Untyped                   ;
; OUTDATA_REG_B                      ; UNREGISTERED         ; Untyped                   ;
; BYTEENA_REG_B                      ; CLOCK1               ; Untyped                   ;
; INDATA_ACLR_B                      ; NONE                 ; Untyped                   ;
; WRCONTROL_ACLR_B                   ; NONE                 ; Untyped                   ;
; ADDRESS_ACLR_B                     ; NONE                 ; Untyped                   ;
; OUTDATA_ACLR_B                     ; NONE                 ; Untyped                   ;
; RDCONTROL_ACLR_B                   ; NONE                 ; Untyped                   ;
; BYTEENA_ACLR_B                     ; NONE                 ; Untyped                   ;
; WIDTH_BYTEENA_A                    ; 1                    ; Signed Integer            ;
; WIDTH_BYTEENA_B                    ; 1                    ; Untyped                   ;
; RAM_BLOCK_TYPE                     ; AUTO                 ; Untyped                   ;
; BYTE_SIZE                          ; 8                    ; Untyped                   ;
; READ_DURING_WRITE_MODE_MIXED_PORTS ; DONT_CARE            ; Untyped                   ;
; READ_DURING_WRITE_MODE_PORT_A      ; NEW_DATA_NO_NBE_READ ; Untyped                   ;
; READ_DURING_WRITE_MODE_PORT_B      ; NEW_DATA_NO_NBE_READ ; Untyped                   ;
; INIT_FILE                          ; RAM_init.mif         ; Untyped                   ;
; INIT_FILE_LAYOUT                   ; PORT_A               ; Untyped                   ;
; MAXIMUM_DEPTH                      ; 0                    ; Untyped                   ;
; CLOCK_ENABLE_INPUT_A               ; BYPASS               ; Untyped                   ;
; CLOCK_ENABLE_INPUT_B               ; NORMAL               ; Untyped                   ;
; CLOCK_ENABLE_OUTPUT_A              ; BYPASS               ; Untyped                   ;
; CLOCK_ENABLE_OUTPUT_B              ; NORMAL               ; Untyped                   ;
; CLOCK_ENABLE_CORE_A                ; USE_INPUT_CLKEN      ; Untyped                   ;
; CLOCK_ENABLE_CORE_B                ; USE_INPUT_CLKEN      ; Untyped                   ;
; ENABLE_ECC                         ; FALSE                ; Untyped                   ;
; ECC_PIPELINE_STAGE_ENABLED         ; FALSE                ; Untyped                   ;
; WIDTH_ECCSTATUS                    ; 3                    ; Untyped                   ;
; DEVICE_FAMILY                      ; Cyclone IV E         ; Untyped                   ;
; CBXI_PARAMETER                     ; altsyncram_odi1      ; Untyped                   ;
+------------------------------------+----------------------+---------------------------+
Note: In order to hide this table in the UI and the text report file, please set the "Show Parameter Settings in Synthesis Report" option in "Analysis and Synthesis Settings -> More Settings" to "Off".


+-----------------------------------------------------------------------------------------+
; Parameter Settings for User Entity Instance: CROM:inst1|altsyncram:altsyncram_component ;
+------------------------------------+----------------------+-----------------------------+
; Parameter Name                     ; Value                ; Type                        ;
+------------------------------------+----------------------+-----------------------------+
; BYTE_SIZE_BLOCK                    ; 8                    ; Untyped                     ;
; AUTO_CARRY_CHAINS                  ; ON                   ; AUTO_CARRY                  ;
; IGNORE_CARRY_BUFFERS               ; OFF                  ; IGNORE_CARRY                ;
; AUTO_CASCADE_CHAINS                ; ON                   ; AUTO_CASCADE                ;
; IGNORE_CASCADE_BUFFERS             ; OFF                  ; IGNORE_CASCADE              ;
; WIDTH_BYTEENA                      ; 1                    ; Untyped                     ;
; OPERATION_MODE                     ; ROM                  ; Untyped                     ;
; WIDTH_A                            ; 24                   ; Signed Integer              ;
; WIDTHAD_A                          ; 8                    ; Signed Integer              ;
; NUMWORDS_A                         ; 256                  ; Signed Integer              ;
; OUTDATA_REG_A                      ; UNREGISTERED         ; Untyped                     ;
; ADDRESS_ACLR_A                     ; NONE                 ; Untyped                     ;
; OUTDATA_ACLR_A                     ; NONE                 ; Untyped                     ;
; WRCONTROL_ACLR_A                   ; NONE                 ; Untyped                     ;
; INDATA_ACLR_A                      ; NONE                 ; Untyped                     ;
; BYTEENA_ACLR_A                     ; NONE                 ; Untyped                     ;
; WIDTH_B                            ; 1                    ; Untyped                     ;
; WIDTHAD_B                          ; 1                    ; Untyped                     ;
; NUMWORDS_B                         ; 1                    ; Untyped                     ;
; INDATA_REG_B                       ; CLOCK1               ; Untyped                     ;
; WRCONTROL_WRADDRESS_REG_B          ; CLOCK1               ; Untyped                     ;
; RDCONTROL_REG_B                    ; CLOCK1               ; Untyped                     ;
; ADDRESS_REG_B                      ; CLOCK1               ; Untyped                     ;
; OUTDATA_REG_B                      ; UNREGISTERED         ; Untyped                     ;
; BYTEENA_REG_B                      ; CLOCK1               ; Untyped                     ;
; INDATA_ACLR_B                      ; NONE                 ; Untyped                     ;
; WRCONTROL_ACLR_B                   ; NONE                 ; Untyped                     ;
; ADDRESS_ACLR_B                     ; NONE                 ; Untyped                     ;
; OUTDATA_ACLR_B                     ; NONE                 ; Untyped                     ;
; RDCONTROL_ACLR_B                   ; NONE                 ; Untyped                     ;
; BYTEENA_ACLR_B                     ; NONE                 ; Untyped                     ;
; WIDTH_BYTEENA_A                    ; 1                    ; Signed Integer              ;
; WIDTH_BYTEENA_B                    ; 1                    ; Untyped                     ;
; RAM_BLOCK_TYPE                     ; AUTO                 ; Untyped                     ;
; BYTE_SIZE                          ; 8                    ; Untyped                     ;
; READ_DURING_WRITE_MODE_MIXED_PORTS ; DONT_CARE            ; Untyped                     ;
; READ_DURING_WRITE_MODE_PORT_A      ; NEW_DATA_NO_NBE_READ ; Untyped                     ;
; READ_DURING_WRITE_MODE_PORT_B      ; NEW_DATA_NO_NBE_READ ; Untyped                     ;
; INIT_FILE                          ; CROM.mif             ; Untyped                     ;
; INIT_FILE_LAYOUT                   ; PORT_A               ; Untyped                     ;
; MAXIMUM_DEPTH                      ; 0                    ; Untyped                     ;
; CLOCK_ENABLE_INPUT_A               ; BYPASS               ; Untyped                     ;
; CLOCK_ENABLE_INPUT_B               ; NORMAL               ; Untyped                     ;
; CLOCK_ENABLE_OUTPUT_A              ; BYPASS               ; Untyped                     ;
; CLOCK_ENABLE_OUTPUT_B              ; NORMAL               ; Untyped                     ;
; CLOCK_ENABLE_CORE_A                ; USE_INPUT_CLKEN      ; Untyped                     ;
; CLOCK_ENABLE_CORE_B                ; USE_INPUT_CLKEN      ; Untyped                     ;
; ENABLE_ECC                         ; FALSE                ; Untyped                     ;
; ECC_PIPELINE_STAGE_ENABLED         ; FALSE                ; Untyped                     ;
; WIDTH_ECCSTATUS                    ; 3                    ; Untyped                     ;
; DEVICE_FAMILY                      ; Cyclone IV E         ; Untyped                     ;
; CBXI_PARAMETER                     ; altsyncram_kp91      ; Untyped                     ;
+------------------------------------+----------------------+-----------------------------+
Note: In order to hide this table in the UI and the text report file, please set the "Show Parameter Settings in Synthesis Report" option in "Analysis and Synthesis Settings -> More Settings" to "Off".


+-----------------------------------------------------------------------+
; Parameter Settings for User Entity Instance: uPC:iinst233|74161:inst1 ;
+------------------------+--------------+-------------------------------+
; Parameter Name         ; Value        ; Type                          ;
+------------------------+--------------+-------------------------------+
; DEVICE_FAMILY          ; Cyclone IV E ; Untyped                       ;
; AUTO_CARRY_CHAINS      ; ON           ; AUTO_CARRY                    ;
; IGNORE_CARRY_BUFFERS   ; OFF          ; IGNORE_CARRY                  ;
; AUTO_CASCADE_CHAINS    ; ON           ; AUTO_CASCADE                  ;
; IGNORE_CASCADE_BUFFERS ; OFF          ; IGNORE_CASCADE                ;
+------------------------+--------------+-------------------------------+
Note: In order to hide this table in the UI and the text report file, please set the "Show Parameter Settings in Synthesis Report" option in "Analysis and Synthesis Settings -> More Settings" to "Off".


+----------------------------------------------------------------------+
; Parameter Settings for User Entity Instance: uPC:iinst233|74161:inst ;
+------------------------+--------------+------------------------------+
; Parameter Name         ; Value        ; Type                         ;
+------------------------+--------------+------------------------------+
; DEVICE_FAMILY          ; Cyclone IV E ; Untyped                      ;
; AUTO_CARRY_CHAINS      ; ON           ; AUTO_CARRY                   ;
; IGNORE_CARRY_BUFFERS   ; OFF          ; IGNORE_CARRY                 ;
; AUTO_CASCADE_CHAINS    ; ON           ; AUTO_CASCADE                 ;
; IGNORE_CASCADE_BUFFERS ; OFF          ; IGNORE_CASCADE               ;
+------------------------+--------------+------------------------------+
Note: In order to hide this table in the UI and the text report file, please set the "Show Parameter Settings in Synthesis Report" option in "Analysis and Synthesis Settings -> More Settings" to "Off".


+-------------------------------------------------------------------+
; Parameter Settings for User Entity Instance: PC:inst5|74161:inst1 ;
+------------------------+--------------+---------------------------+
; Parameter Name         ; Value        ; Type                      ;
+------------------------+--------------+---------------------------+
; DEVICE_FAMILY          ; Cyclone IV E ; Untyped                   ;
; AUTO_CARRY_CHAINS      ; ON           ; AUTO_CARRY                ;
; IGNORE_CARRY_BUFFERS   ; OFF          ; IGNORE_CARRY              ;
; AUTO_CASCADE_CHAINS    ; ON           ; AUTO_CASCADE              ;
; IGNORE_CASCADE_BUFFERS ; OFF          ; IGNORE_CASCADE            ;
+------------------------+--------------+---------------------------+
Note: In order to hide this table in the UI and the text report file, please set the "Show Parameter Settings in Synthesis Report" option in "Analysis and Synthesis Settings -> More Settings" to "Off".


+------------------------------------------------------------------+
; Parameter Settings for User Entity Instance: PC:inst5|74161:inst ;
+------------------------+--------------+--------------------------+
; Parameter Name         ; Value        ; Type                     ;
+------------------------+--------------+--------------------------+
; DEVICE_FAMILY          ; Cyclone IV E ; Untyped                  ;
; AUTO_CARRY_CHAINS      ; ON           ; AUTO_CARRY               ;
; IGNORE_CARRY_BUFFERS   ; OFF          ; IGNORE_CARRY             ;
; AUTO_CASCADE_CHAINS    ; ON           ; AUTO_CASCADE             ;
; IGNORE_CASCADE_BUFFERS ; OFF          ; IGNORE_CASCADE           ;
+------------------------+--------------+--------------------------+
Note: In order to hide this table in the UI and the text report file, please set the "Show Parameter Settings in Synthesis Report" option in "Analysis and Synthesis Settings -> More Settings" to "Off".


+----------------------------------------------------------------------------------------+
; altsyncram Parameter Settings by Entity Instance                                       ;
+-------------------------------------------+--------------------------------------------+
; Name                                      ; Value                                      ;
+-------------------------------------------+--------------------------------------------+
; Number of entity instances                ; 2                                          ;
; Entity Instance                           ; RAM:inst|altsyncram:altsyncram_component   ;
;     -- OPERATION_MODE                     ; SINGLE_PORT                                ;
;     -- WIDTH_A                            ; 8                                          ;
;     -- NUMWORDS_A                         ; 256                                        ;
;     -- OUTDATA_REG_A                      ; UNREGISTERED                               ;
;     -- WIDTH_B                            ; 1                                          ;
;     -- NUMWORDS_B                         ; 1                                          ;
;     -- ADDRESS_REG_B                      ; CLOCK1                                     ;
;     -- OUTDATA_REG_B                      ; UNREGISTERED                               ;
;     -- RAM_BLOCK_TYPE                     ; AUTO                                       ;
;     -- READ_DURING_WRITE_MODE_MIXED_PORTS ; DONT_CARE                                  ;
; Entity Instance                           ; CROM:inst1|altsyncram:altsyncram_component ;
;     -- OPERATION_MODE                     ; ROM                                        ;
;     -- WIDTH_A                            ; 24                                         ;
;     -- NUMWORDS_A                         ; 256                                        ;
;     -- OUTDATA_REG_A                      ; UNREGISTERED                               ;
;     -- WIDTH_B                            ; 1                                          ;
;     -- NUMWORDS_B                         ; 1                                          ;
;     -- ADDRESS_REG_B                      ; CLOCK1                                     ;
;     -- OUTDATA_REG_B                      ; UNREGISTERED                               ;
;     -- RAM_BLOCK_TYPE                     ; AUTO                                       ;
;     -- READ_DURING_WRITE_MODE_MIXED_PORTS ; DONT_CARE                                  ;
+-------------------------------------------+--------------------------------------------+


+-------------------------------+
; Elapsed Time Per Partition    ;
+----------------+--------------+
; Partition Name ; Elapsed Time ;
+----------------+--------------+
; Top            ; 00:00:01     ;
+----------------+--------------+


+-------------------------------+
; Analysis & Synthesis Messages ;
+-------------------------------+
Info: *******************************************************************
Info: Running Quartus II 64-Bit Analysis & Synthesis
    Info: Version 13.0.1 Build 232 06/12/2013 Service Pack 1 SJ Full Version
    Info: Processing started: Fri Oct 09 16:31:00 2020
Info: Command: quartus_map --read_settings_files=on --write_settings_files=off LAB_2 -c LAB_2
Info (11104): Parallel Compilation has detected 8 hyper-threaded processors. However, the extra hyper-threaded processors will not be used by default. Parallel Compilation will use 4 of the 4 physical processors detected instead.
Info (12021): Found 1 design units, including 1 entities, in source file beat_generator.bdf
    Info (12023): Found entity 1: Beat_Generator
Info (12021): Found 1 design units, including 1 entities, in source file upc.bdf
    Info (12023): Found entity 1: uPC
Info (12021): Found 1 design units, including 1 entities, in source file uir.bdf
    Info (12023): Found entity 1: uIR
Info (12021): Found 1 design units, including 1 entities, in source file pc.bdf
    Info (12023): Found entity 1: PC
Info (12021): Found 1 design units, including 1 entities, in source file mar.bdf
    Info (12023): Found entity 1: MAR
Info (12021): Found 1 design units, including 1 entities, in source file r.bdf
    Info (12023): Found entity 1: R
Info (12021): Found 1 design units, including 1 entities, in source file data_selector.bdf
    Info (12023): Found entity 1: Data_Selector
Info (12021): Found 2 design units, including 1 entities, in source file crom.vhd
    Info (12022): Found design unit 1: crom-SYN
    Info (12023): Found entity 1: CROM
Info (12021): Found 1 design units, including 1 entities, in source file lab_2.bdf
    Info (12023): Found entity 1: Lab_2
Info (12021): Found 2 design units, including 1 entities, in source file ram.vhd
    Info (12022): Found design unit 1: ram-SYN
    Info (12023): Found entity 1: RAM
Info (12127): Elaborating entity "Lab_2" for the top level hierarchy
Info (12128): Elaborating entity "Beat_Generator" for hierarchy "Beat_Generator:inst12"
Info (12128): Elaborating entity "RAM" for hierarchy "RAM:inst"
Info (12128): Elaborating entity "altsyncram" for hierarchy "RAM:inst|altsyncram:altsyncram_component"
Info (12130): Elaborated megafunction instantiation "RAM:inst|altsyncram:altsyncram_component"
Info (12133): Instantiated megafunction "RAM:inst|altsyncram:altsyncram_component" with the following parameter:
    Info (12134): Parameter "clock_enable_input_a" = "BYPASS"
    Info (12134): Parameter "clock_enable_output_a" = "BYPASS"
    Info (12134): Parameter "init_file" = "RAM_init.mif"
    Info (12134): Parameter "intended_device_family" = "Cyclone IV E"
    Info (12134): Parameter "lpm_hint" = "ENABLE_RUNTIME_MOD=NO"
    Info (12134): Parameter "lpm_type" = "altsyncram"
    Info (12134): Parameter "numwords_a" = "256"
    Info (12134): Parameter "operation_mode" = "SINGLE_PORT"
    Info (12134): Parameter "outdata_aclr_a" = "NONE"
    Info (12134): Parameter "outdata_reg_a" = "UNREGISTERED"
    Info (12134): Parameter "power_up_uninitialized" = "FALSE"
    Info (12134): Parameter "read_during_write_mode_port_a" = "NEW_DATA_NO_NBE_READ"
    Info (12134): Parameter "widthad_a" = "8"
    Info (12134): Parameter "width_a" = "8"
    Info (12134): Parameter "width_byteena_a" = "1"
Info (12021): Found 1 design units, including 1 entities, in source file db/altsyncram_odi1.tdf
    Info (12023): Found entity 1: altsyncram_odi1
Info (12128): Elaborating entity "altsyncram_odi1" for hierarchy "RAM:inst|altsyncram:altsyncram_component|altsyncram_odi1:auto_generated"
Info (12128): Elaborating entity "uIR" for hierarchy "uIR:inst3"
Info (12128): Elaborating entity "74273" for hierarchy "uIR:inst3|74273:inst"
Info (12130): Elaborated megafunction instantiation "uIR:inst3|74273:inst"
Info (12128): Elaborating entity "CROM" for hierarchy "CROM:inst1"
Info (12128): Elaborating entity "altsyncram" for hierarchy "CROM:inst1|altsyncram:altsyncram_component"
Info (12130): Elaborated megafunction instantiation "CROM:inst1|altsyncram:altsyncram_component"
Info (12133): Instantiated megafunction "CROM:inst1|altsyncram:altsyncram_component" with the following parameter:
    Info (12134): Parameter "address_aclr_a" = "NONE"
    Info (12134): Parameter "clock_enable_input_a" = "BYPASS"
    Info (12134): Parameter "clock_enable_output_a" = "BYPASS"
    Info (12134): Parameter "init_file" = "CROM.mif"
    Info (12134): Parameter "intended_device_family" = "Cyclone IV E"
    Info (12134): Parameter "lpm_hint" = "ENABLE_RUNTIME_MOD=NO"
    Info (12134): Parameter "lpm_type" = "altsyncram"
    Info (12134): Parameter "numwords_a" = "256"
    Info (12134): Parameter "operation_mode" = "ROM"
    Info (12134): Parameter "outdata_aclr_a" = "NONE"
    Info (12134): Parameter "outdata_reg_a" = "UNREGISTERED"
    Info (12134): Parameter "widthad_a" = "8"
    Info (12134): Parameter "width_a" = "24"
    Info (12134): Parameter "width_byteena_a" = "1"
Info (12021): Found 1 design units, including 1 entities, in source file db/altsyncram_kp91.tdf
    Info (12023): Found entity 1: altsyncram_kp91
Info (12128): Elaborating entity "altsyncram_kp91" for hierarchy "CROM:inst1|altsyncram:altsyncram_component|altsyncram_kp91:auto_generated"
Info (12128): Elaborating entity "uPC" for hierarchy "uPC:iinst233"
Info (12128): Elaborating entity "74161" for hierarchy "uPC:iinst233|74161:inst1"
Info (12130): Elaborated megafunction instantiation "uPC:iinst233|74161:inst1"
Info (12128): Elaborating entity "f74161" for hierarchy "uPC:iinst233|74161:inst1|f74161:sub"
Info (12131): Elaborated megafunction instantiation "uPC:iinst233|74161:inst1|f74161:sub", which is child of megafunction instantiation "uPC:iinst233|74161:inst1"
Info (12128): Elaborating entity "74161" for hierarchy "uPC:iinst233|74161:inst"
Info (12130): Elaborated megafunction instantiation "uPC:iinst233|74161:inst"
Info (12128): Elaborating entity "Data_Selector" for hierarchy "Data_Selector:inst4"
Warning (275011): Block or symbol "AND2" of instance "inst" overlaps another block or symbol
Warning (275011): Block or symbol "AND2" of instance "inst6" overlaps another block or symbol
Warning (275011): Block or symbol "AND2" of instance "inst9" overlaps another block or symbol
Warning (275011): Block or symbol "AND2" of instance "inst12" overlaps another block or symbol
Warning (275011): Block or symbol "AND2" of instance "inst15" overlaps another block or symbol
Warning (275011): Block or symbol "AND2" of instance "inst18" overlaps another block or symbol
Warning (275011): Block or symbol "AND2" of instance "iinst" overlaps another block or symbol
Info (12128): Elaborating entity "MAR" for hierarchy "MAR:inst6"
Info (12128): Elaborating entity "PC" for hierarchy "PC:inst5"
Info (12128): Elaborating entity "R" for hierarchy "R:inst7"
Info (12128): Elaborating entity "74374" for hierarchy "R:inst7|74374:inst"
Info (12130): Elaborated megafunction instantiation "R:inst7|74374:inst"
Warning (14284): Synthesized away the following node(s):
    Warning (14285): Synthesized away the following RAM node(s):
        Warning (14320): Synthesized away node "CROM:inst1|altsyncram:altsyncram_component|altsyncram_kp91:auto_generated|q_a[1]"
        Warning (14320): Synthesized away node "CROM:inst1|altsyncram:altsyncram_component|altsyncram_kp91:auto_generated|q_a[8]"
        Warning (14320): Synthesized away node "CROM:inst1|altsyncram:altsyncram_component|altsyncram_kp91:auto_generated|q_a[9]"
        Warning (14320): Synthesized away node "CROM:inst1|altsyncram:altsyncram_component|altsyncram_kp91:auto_generated|q_a[10]"
        Warning (14320): Synthesized away node "CROM:inst1|altsyncram:altsyncram_component|altsyncram_kp91:auto_generated|q_a[11]"
        Warning (14320): Synthesized away node "CROM:inst1|altsyncram:altsyncram_component|altsyncram_kp91:auto_generated|q_a[12]"
        Warning (14320): Synthesized away node "CROM:inst1|altsyncram:altsyncram_component|altsyncram_kp91:auto_generated|q_a[13]"
        Warning (14320): Synthesized away node "CROM:inst1|altsyncram:altsyncram_component|altsyncram_kp91:auto_generated|q_a[14]"
        Warning (14320): Synthesized away node "CROM:inst1|altsyncram:altsyncram_component|altsyncram_kp91:auto_generated|q_a[15]"
        Warning (14320): Synthesized away node "CROM:inst1|altsyncram:altsyncram_component|altsyncram_kp91:auto_generated|q_a[16]"
        Warning (14320): Synthesized away node "CROM:inst1|altsyncram:altsyncram_component|altsyncram_kp91:auto_generated|q_a[17]"
        Warning (14320): Synthesized away node "CROM:inst1|altsyncram:altsyncram_component|altsyncram_kp91:auto_generated|q_a[18]"
        Warning (14320): Synthesized away node "CROM:inst1|altsyncram:altsyncram_component|altsyncram_kp91:auto_generated|q_a[19]"
        Warning (14320): Synthesized away node "CROM:inst1|altsyncram:altsyncram_component|altsyncram_kp91:auto_generated|q_a[20]"
        Warning (14320): Synthesized away node "CROM:inst1|altsyncram:altsyncram_component|altsyncram_kp91:auto_generated|q_a[21]"
        Warning (14320): Synthesized away node "CROM:inst1|altsyncram:altsyncram_component|altsyncram_kp91:auto_generated|q_a[22]"
        Warning (14320): Synthesized away node "CROM:inst1|altsyncram:altsyncram_component|altsyncram_kp91:auto_generated|q_a[23]"
Info (13014): Ignored 16 buffer(s)
    Info (13015): Ignored 16 CARRY buffer(s)
Warning (13046): Tri-state node(s) do not directly drive top-level pin(s)
    Warning (13049): Converted tri-state buffer "R:inst7|74374:inst|47" feeding internal logic into a wire
    Warning (13049): Converted tri-state buffer "R:inst7|74374:inst|46" feeding internal logic into a wire
    Warning (13049): Converted tri-state buffer "R:inst7|74374:inst|45" feeding internal logic into a wire
    Warning (13049): Converted tri-state buffer "R:inst7|74374:inst|44" feeding internal logic into a wire
    Warning (13049): Converted tri-state buffer "R:inst7|74374:inst|43" feeding internal logic into a wire
    Warning (13049): Converted tri-state buffer "R:inst7|74374:inst|42" feeding internal logic into a wire
    Warning (13049): Converted tri-state buffer "R:inst7|74374:inst|41" feeding internal logic into a wire
    Warning (13049): Converted tri-state buffer "R:inst7|74374:inst|40" feeding internal logic into a wire
Warning (14284): Synthesized away the following node(s):
    Warning (14285): Synthesized away the following RAM node(s):
        Warning (14320): Synthesized away node "CROM:inst1|altsyncram:altsyncram_component|altsyncram_kp91:auto_generated|q_a[7]"
Info (286030): Timing-Driven Synthesis is running
Info (17049): 1 registers lost all their fanouts during netlist optimizations.
Info (16010): Generating hard_block partition "hard_block:auto_generated_inst"
    Info (16011): Adding 0 node(s), including 0 DDIO, 0 PLL, 0 transceiver and 0 LCELL
Info (21057): Implemented 84 device resources after synthesis - the final resource count might be different
    Info (21058): Implemented 1 input pins
    Info (21059): Implemented 12 output pins
    Info (21061): Implemented 57 logic cells
    Info (21064): Implemented 14 RAM segments
Info: Quartus II 64-Bit Analysis & Synthesis was successful. 0 errors, 38 warnings
    Info: Peak virtual memory: 4672 megabytes
    Info: Processing ended: Fri Oct 09 16:31:12 2020
    Info: Elapsed time: 00:00:12
    Info: Total CPU time (on all processors): 00:00:06


